Performing C SOURCE FILE Test CMAKE_HAVE_LIBC_PTHREAD failed with the following output:
Change Dir: /home/csmajs/ahude001/final-project-ahude001-dshao009-jshen075-jrive141/src/libxml2-build/CMakeFiles/CMakeTmp

Run Build Command(s):/usr/bin/gmake -f Makefile cmTC_1eb40/fast && /usr/bin/gmake  -f CMakeFiles/cmTC_1eb40.dir/build.make CMakeFiles/cmTC_1eb40.dir/build
gmake[1]: Entering directory '/data/home/csmajs/ahude001/final-project-ahude001-dshao009-jshen075-jrive141/src/libxml2-build/CMakeFiles/CMakeTmp'
Building C object CMakeFiles/cmTC_1eb40.dir/src.c.o
/usr/bin/cc -DCMAKE_HAVE_LIBC_PTHREAD   -o CMakeFiles/cmTC_1eb40.dir/src.c.o -c /home/csmajs/ahude001/final-project-ahude001-dshao009-jshen075-jrive141/src/libxml2-build/CMakeFiles/CMakeTmp/src.c
Linking C executable cmTC_1eb40
/usr/bin/cmake -E cmake_link_script CMakeFiles/cmTC_1eb40.dir/link.txt --verbose=1
/usr/bin/cc CMakeFiles/cmTC_1eb40.dir/src.c.o -o cmTC_1eb40 
CMakeFiles/cmTC_1eb40.dir/src.c.o: In function `main':
src.c:(.text+0x2d): undefined reference to `pthread_create'
src.c:(.text+0x39): undefined reference to `pthread_detach'
src.c:(.text+0x45): undefined reference to `pthread_cancel'
src.c:(.text+0x56): undefined reference to `pthread_join'
collect2: error: ld returned 1 exit status
gmake[1]: *** [CMakeFiles/cmTC_1eb40.dir/build.make:99: cmTC_1eb40] Error 1
gmake[1]: Leaving directory '/data/home/csmajs/ahude001/final-project-ahude001-dshao009-jshen075-jrive141/src/libxml2-build/CMakeFiles/CMakeTmp'
gmake: *** [Makefile:127: cmTC_1eb40/fast] Error 2


Source file was:
#include <pthread.h>

static void* test_func(void* data)
{
  return data;
}

int main(void)
{
  pthread_t thread;
  pthread_create(&thread, NULL, test_func, NULL);
  pthread_detach(thread);
  pthread_cancel(thread);
  pthread_join(thread, NULL);
  pthread_atfork(NULL, NULL, NULL);
  pthread_exit(NULL);

  return 0;
}

Determining if the function pthread_create exists in the pthreads failed with the following output:
Change Dir: /home/csmajs/ahude001/final-project-ahude001-dshao009-jshen075-jrive141/src/libxml2-build/CMakeFiles/CMakeTmp

Run Build Command(s):/usr/bin/gmake -f Makefile cmTC_50d30/fast && /usr/bin/gmake  -f CMakeFiles/cmTC_50d30.dir/build.make CMakeFiles/cmTC_50d30.dir/build
gmake[1]: Entering directory '/data/home/csmajs/ahude001/final-project-ahude001-dshao009-jshen075-jrive141/src/libxml2-build/CMakeFiles/CMakeTmp'
Building C object CMakeFiles/cmTC_50d30.dir/CheckFunctionExists.c.o
/usr/bin/cc   -DCHECK_FUNCTION_EXISTS=pthread_create -o CMakeFiles/cmTC_50d30.dir/CheckFunctionExists.c.o -c /usr/share/cmake/Modules/CheckFunctionExists.c
Linking C executable cmTC_50d30
/usr/bin/cmake -E cmake_link_script CMakeFiles/cmTC_50d30.dir/link.txt --verbose=1
/usr/bin/cc  -DCHECK_FUNCTION_EXISTS=pthread_create CMakeFiles/cmTC_50d30.dir/CheckFunctionExists.c.o -o cmTC_50d30  -lpthreads 
/usr/bin/ld: cannot find -lpthreads
collect2: error: ld returned 1 exit status
gmake[1]: *** [CMakeFiles/cmTC_50d30.dir/build.make:99: cmTC_50d30] Error 1
gmake[1]: Leaving directory '/data/home/csmajs/ahude001/final-project-ahude001-dshao009-jshen075-jrive141/src/libxml2-build/CMakeFiles/CMakeTmp'
gmake: *** [Makefile:127: cmTC_50d30/fast] Error 2



Determining if the function class exists failed with the following output:
Change Dir: /home/csmajs/ahude001/final-project-ahude001-dshao009-jshen075-jrive141/src/libxml2-build/CMakeFiles/CMakeTmp

Run Build Command(s):/usr/bin/gmake -f Makefile cmTC_a160f/fast && /usr/bin/gmake  -f CMakeFiles/cmTC_a160f.dir/build.make CMakeFiles/cmTC_a160f.dir/build
gmake[1]: Entering directory '/data/home/csmajs/ahude001/final-project-ahude001-dshao009-jshen075-jrive141/src/libxml2-build/CMakeFiles/CMakeTmp'
Building C object CMakeFiles/cmTC_a160f.dir/CheckFunctionExists.c.o
/usr/bin/cc   -DCHECK_FUNCTION_EXISTS=class -o CMakeFiles/cmTC_a160f.dir/CheckFunctionExists.c.o -c /usr/share/cmake/Modules/CheckFunctionExists.c
Linking C executable cmTC_a160f
/usr/bin/cmake -E cmake_link_script CMakeFiles/cmTC_a160f.dir/link.txt --verbose=1
/usr/bin/cc  -DCHECK_FUNCTION_EXISTS=class CMakeFiles/cmTC_a160f.dir/CheckFunctionExists.c.o -o cmTC_a160f  /usr/lib64/libz.so -lpthread 
CMakeFiles/cmTC_a160f.dir/CheckFunctionExists.c.o: In function `main':
CheckFunctionExists.c:(.text+0x10): undefined reference to `class'
collect2: error: ld returned 1 exit status
gmake[1]: *** [CMakeFiles/cmTC_a160f.dir/build.make:100: cmTC_a160f] Error 1
gmake[1]: Leaving directory '/data/home/csmajs/ahude001/final-project-ahude001-dshao009-jshen075-jrive141/src/libxml2-build/CMakeFiles/CMakeTmp'
gmake: *** [Makefile:127: cmTC_a160f/fast] Error 2



Determining if files dl.h exist failed with the following output:
Change Dir: /home/csmajs/ahude001/final-project-ahude001-dshao009-jshen075-jrive141/src/libxml2-build/CMakeFiles/CMakeTmp

Run Build Command(s):/usr/bin/gmake -f Makefile cmTC_553f5/fast && /usr/bin/gmake  -f CMakeFiles/cmTC_553f5.dir/build.make CMakeFiles/cmTC_553f5.dir/build
gmake[1]: Entering directory '/data/home/csmajs/ahude001/final-project-ahude001-dshao009-jshen075-jrive141/src/libxml2-build/CMakeFiles/CMakeTmp'
Building C object CMakeFiles/cmTC_553f5.dir/HAVE_DL_H.c.o
/usr/bin/cc    -o CMakeFiles/cmTC_553f5.dir/HAVE_DL_H.c.o -c /home/csmajs/ahude001/final-project-ahude001-dshao009-jshen075-jrive141/src/libxml2-build/CMakeFiles/CheckIncludeFiles/HAVE_DL_H.c
/home/csmajs/ahude001/final-project-ahude001-dshao009-jshen075-jrive141/src/libxml2-build/CMakeFiles/CheckIncludeFiles/HAVE_DL_H.c:2:10: fatal error: dl.h: No such file or directory
 #include <dl.h>
          ^~~~~~
compilation terminated.
gmake[1]: *** [CMakeFiles/cmTC_553f5.dir/build.make:78: CMakeFiles/cmTC_553f5.dir/HAVE_DL_H.c.o] Error 1
gmake[1]: Leaving directory '/data/home/csmajs/ahude001/final-project-ahude001-dshao009-jshen075-jrive141/src/libxml2-build/CMakeFiles/CMakeTmp'
gmake: *** [Makefile:127: cmTC_553f5/fast] Error 2


Source:
/* */
#include <dl.h>


int main(void){return 0;}

Determining if the function fpclass exists failed with the following output:
Change Dir: /home/csmajs/ahude001/final-project-ahude001-dshao009-jshen075-jrive141/src/libxml2-build/CMakeFiles/CMakeTmp

Run Build Command(s):/usr/bin/gmake -f Makefile cmTC_75514/fast && /usr/bin/gmake  -f CMakeFiles/cmTC_75514.dir/build.make CMakeFiles/cmTC_75514.dir/build
gmake[1]: Entering directory '/data/home/csmajs/ahude001/final-project-ahude001-dshao009-jshen075-jrive141/src/libxml2-build/CMakeFiles/CMakeTmp'
Building C object CMakeFiles/cmTC_75514.dir/CheckFunctionExists.c.o
/usr/bin/cc   -DCHECK_FUNCTION_EXISTS=fpclass -o CMakeFiles/cmTC_75514.dir/CheckFunctionExists.c.o -c /usr/share/cmake/Modules/CheckFunctionExists.c
Linking C executable cmTC_75514
/usr/bin/cmake -E cmake_link_script CMakeFiles/cmTC_75514.dir/link.txt --verbose=1
/usr/bin/cc  -DCHECK_FUNCTION_EXISTS=fpclass CMakeFiles/cmTC_75514.dir/CheckFunctionExists.c.o -o cmTC_75514  /usr/lib64/libz.so -lpthread 
CMakeFiles/cmTC_75514.dir/CheckFunctionExists.c.o: In function `main':
CheckFunctionExists.c:(.text+0x10): undefined reference to `fpclass'
collect2: error: ld returned 1 exit status
gmake[1]: *** [CMakeFiles/cmTC_75514.dir/build.make:100: cmTC_75514] Error 1
gmake[1]: Leaving directory '/data/home/csmajs/ahude001/final-project-ahude001-dshao009-jshen075-jrive141/src/libxml2-build/CMakeFiles/CMakeTmp'
gmake: *** [Makefile:127: cmTC_75514/fast] Error 2



Determining if the function append_history exists in the history failed with the following output:
Change Dir: /home/csmajs/ahude001/final-project-ahude001-dshao009-jshen075-jrive141/src/libxml2-build/CMakeFiles/CMakeTmp

Run Build Command(s):/usr/bin/gmake -f Makefile cmTC_9251a/fast && /usr/bin/gmake  -f CMakeFiles/cmTC_9251a.dir/build.make CMakeFiles/cmTC_9251a.dir/build
gmake[1]: Entering directory '/data/home/csmajs/ahude001/final-project-ahude001-dshao009-jshen075-jrive141/src/libxml2-build/CMakeFiles/CMakeTmp'
Building C object CMakeFiles/cmTC_9251a.dir/CheckFunctionExists.c.o
/usr/bin/cc   -DCHECK_FUNCTION_EXISTS=append_history -o CMakeFiles/cmTC_9251a.dir/CheckFunctionExists.c.o -c /usr/share/cmake/Modules/CheckFunctionExists.c
Linking C executable cmTC_9251a
/usr/bin/cmake -E cmake_link_script CMakeFiles/cmTC_9251a.dir/link.txt --verbose=1
/usr/bin/cc  -DCHECK_FUNCTION_EXISTS=append_history CMakeFiles/cmTC_9251a.dir/CheckFunctionExists.c.o -o cmTC_9251a  -lhistory /usr/lib64/libz.so -lpthread 
/usr/bin/ld: cannot find -lhistory
collect2: error: ld returned 1 exit status
gmake[1]: *** [CMakeFiles/cmTC_9251a.dir/build.make:100: cmTC_9251a] Error 1
gmake[1]: Leaving directory '/data/home/csmajs/ahude001/final-project-ahude001-dshao009-jshen075-jrive141/src/libxml2-build/CMakeFiles/CMakeTmp'
gmake: *** [Makefile:127: cmTC_9251a/fast] Error 2



Determining if the function readline exists in the readline failed with the following output:
Change Dir: /home/csmajs/ahude001/final-project-ahude001-dshao009-jshen075-jrive141/src/libxml2-build/CMakeFiles/CMakeTmp

Run Build Command(s):/usr/bin/gmake -f Makefile cmTC_56ef7/fast && /usr/bin/gmake  -f CMakeFiles/cmTC_56ef7.dir/build.make CMakeFiles/cmTC_56ef7.dir/build
gmake[1]: Entering directory '/data/home/csmajs/ahude001/final-project-ahude001-dshao009-jshen075-jrive141/src/libxml2-build/CMakeFiles/CMakeTmp'
Building C object CMakeFiles/cmTC_56ef7.dir/CheckFunctionExists.c.o
/usr/bin/cc   -DCHECK_FUNCTION_EXISTS=readline -o CMakeFiles/cmTC_56ef7.dir/CheckFunctionExists.c.o -c /usr/share/cmake/Modules/CheckFunctionExists.c
Linking C executable cmTC_56ef7
/usr/bin/cmake -E cmake_link_script CMakeFiles/cmTC_56ef7.dir/link.txt --verbose=1
/usr/bin/cc  -DCHECK_FUNCTION_EXISTS=readline CMakeFiles/cmTC_56ef7.dir/CheckFunctionExists.c.o -o cmTC_56ef7  -lreadline /usr/lib64/libz.so -lpthread 
/usr/bin/ld: cannot find -lreadline
collect2: error: ld returned 1 exit status
gmake[1]: *** [CMakeFiles/cmTC_56ef7.dir/build.make:100: cmTC_56ef7] Error 1
gmake[1]: Leaving directory '/data/home/csmajs/ahude001/final-project-ahude001-dshao009-jshen075-jrive141/src/libxml2-build/CMakeFiles/CMakeTmp'
gmake: *** [Makefile:127: cmTC_56ef7/fast] Error 2



Determining if the function shl_load exists in the dld failed with the following output:
Change Dir: /home/csmajs/ahude001/final-project-ahude001-dshao009-jshen075-jrive141/src/libxml2-build/CMakeFiles/CMakeTmp

Run Build Command(s):/usr/bin/gmake -f Makefile cmTC_31344/fast && /usr/bin/gmake  -f CMakeFiles/cmTC_31344.dir/build.make CMakeFiles/cmTC_31344.dir/build
gmake[1]: Entering directory '/data/home/csmajs/ahude001/final-project-ahude001-dshao009-jshen075-jrive141/src/libxml2-build/CMakeFiles/CMakeTmp'
Building C object CMakeFiles/cmTC_31344.dir/CheckFunctionExists.c.o
/usr/bin/cc   -DCHECK_FUNCTION_EXISTS=shl_load -o CMakeFiles/cmTC_31344.dir/CheckFunctionExists.c.o -c /usr/share/cmake/Modules/CheckFunctionExists.c
Linking C executable cmTC_31344
/usr/bin/cmake -E cmake_link_script CMakeFiles/cmTC_31344.dir/link.txt --verbose=1
/usr/bin/cc  -DCHECK_FUNCTION_EXISTS=shl_load CMakeFiles/cmTC_31344.dir/CheckFunctionExists.c.o -o cmTC_31344  -ldld /usr/lib64/libz.so -lpthread 
/usr/bin/ld: cannot find -ldld
collect2: error: ld returned 1 exit status
gmake[1]: *** [CMakeFiles/cmTC_31344.dir/build.make:100: cmTC_31344] Error 1
gmake[1]: Leaving directory '/data/home/csmajs/ahude001/final-project-ahude001-dshao009-jshen075-jrive141/src/libxml2-build/CMakeFiles/CMakeTmp'
gmake: *** [Makefile:127: cmTC_31344/fast] Error 2



Performing C SOURCE FILE Test VA_LIST_IS_ARRAY_TEST failed with the following output:
Change Dir: /home/csmajs/ahude001/final-project-ahude001-dshao009-jshen075-jrive141/src/libxml2-build/CMakeFiles/CMakeTmp

Run Build Command(s):/usr/bin/gmake -f Makefile cmTC_33471/fast && /usr/bin/gmake  -f CMakeFiles/cmTC_33471.dir/build.make CMakeFiles/cmTC_33471.dir/build
gmake[1]: Entering directory '/data/home/csmajs/ahude001/final-project-ahude001-dshao009-jshen075-jrive141/src/libxml2-build/CMakeFiles/CMakeTmp'
Building C object CMakeFiles/cmTC_33471.dir/src.c.o
/usr/bin/cc -DVA_LIST_IS_ARRAY_TEST   -o CMakeFiles/cmTC_33471.dir/src.c.o -c /home/csmajs/ahude001/final-project-ahude001-dshao009-jshen075-jrive141/src/libxml2-build/CMakeFiles/CMakeTmp/src.c
/home/csmajs/ahude001/final-project-ahude001-dshao009-jshen075-jrive141/src/libxml2-build/CMakeFiles/CMakeTmp/src.c: In function ‘main’:
/home/csmajs/ahude001/final-project-ahude001-dshao009-jshen075-jrive141/src/libxml2-build/CMakeFiles/CMakeTmp/src.c:4:49: error: cast specifies array type
   int main() { va_list ap1, ap2; a(&ap1); ap2 = (va_list) ap1; return 0; }
                                                 ^
gmake[1]: *** [CMakeFiles/cmTC_33471.dir/build.make:78: CMakeFiles/cmTC_33471.dir/src.c.o] Error 1
gmake[1]: Leaving directory '/data/home/csmajs/ahude001/final-project-ahude001-dshao009-jshen075-jrive141/src/libxml2-build/CMakeFiles/CMakeTmp'
gmake: *** [Makefile:127: cmTC_33471/fast] Error 2


Source file was:

		#include <stdarg.h>
		void a(va_list* ap) {};
		int main() { va_list ap1, ap2; a(&ap1); ap2 = (va_list) ap1; return 0; }
	
Performing C SOURCE FILE Test FLAG_UNDEFINED_VERSION failed with the following output:
Change Dir: /home/csmajs/ahude001/final-project-ahude001-dshao009-jshen075-jrive141/src/libxml2-build/CMakeFiles/CMakeTmp

Run Build Command(s):/usr/bin/gmake -f Makefile cmTC_6a92f/fast && /usr/bin/gmake  -f CMakeFiles/cmTC_6a92f.dir/build.make CMakeFiles/cmTC_6a92f.dir/build
gmake[1]: Entering directory '/data/home/csmajs/ahude001/final-project-ahude001-dshao009-jshen075-jrive141/src/libxml2-build/CMakeFiles/CMakeTmp'
Building C object CMakeFiles/cmTC_6a92f.dir/src.c.o
/usr/bin/cc -DFLAG_UNDEFINED_VERSION  -pedantic -Wall -Wextra -Wshadow -Wpointer-arith -Wcast-align -Wwrite-strings -Waggregate-return -Wstrict-prototypes -Wmissing-prototypes -Wnested-externs -Winline -Wredundant-decls -Wno-long-long -Wno-format-extra-args  -o CMakeFiles/cmTC_6a92f.dir/src.c.o -c /home/csmajs/ahude001/final-project-ahude001-dshao009-jshen075-jrive141/src/libxml2-build/CMakeFiles/CMakeTmp/src.c
/home/csmajs/ahude001/final-project-ahude001-dshao009-jshen075-jrive141/src/libxml2-build/CMakeFiles/CMakeTmp/src.c:1:5: warning: function declaration isn't a prototype [-Wstrict-prototypes]
 int main() { return 0; }
     ^~~~
Linking C executable cmTC_6a92f
/usr/bin/cmake -E cmake_link_script CMakeFiles/cmTC_6a92f.dir/link.txt --verbose=1
/usr/bin/cc  -pedantic -Wall -Wextra -Wshadow -Wpointer-arith -Wcast-align -Wwrite-strings -Waggregate-return -Wstrict-prototypes -Wmissing-prototypes -Wnested-externs -Winline -Wredundant-decls -Wno-long-long -Wno-format-extra-args  -Wl,--undefined-version CMakeFiles/cmTC_6a92f.dir/src.c.o -o cmTC_6a92f  /usr/lib64/libz.so -lpthread 
/usr/bin/ld: unrecognized option '--undefined-version'
/usr/bin/ld: use the --help option for usage information
collect2: error: ld returned 1 exit status
gmake[1]: *** [CMakeFiles/cmTC_6a92f.dir/build.make:100: cmTC_6a92f] Error 1
gmake[1]: Leaving directory '/data/home/csmajs/ahude001/final-project-ahude001-dshao009-jshen075-jrive141/src/libxml2-build/CMakeFiles/CMakeTmp'
gmake: *** [Makefile:127: cmTC_6a92f/fast] Error 2


Source file was:
int main() { return 0; }
